
ROM used:   2988/8192 (36%)
            3077/8192 (38%) including unused fragments

            0.9 Average locations per line
            4.1 Average locations per statement

RAM used:   49/368 (13%) at main() level
            76/368 (21%) worst case

Stack used: 7 worst case (7 in main + 0 for interrupts)
Stack size: 8

Lines Stmts  %   Files
----- ----- ---  -----
  176   114  16  PWM-1.c
  796     0   0  ..\..\..\..\..\..\..\Program Files (x86)\PICC\Devices\16f887.h
  211    77  11  ..\..\..\..\..\..\..\Program Files (x86)\PICC\Drivers\i2c_Flex_LCD.c
  150    43   6  ..\..\..\..\..\..\..\Program Files (x86)\PICC\Drivers\KBD_4x4.c
 1352   359  50  ..\..\..\..\..\..\..\Program Files (x86)\PICC\Drivers\stdlib.h
   32     0   0  ..\..\..\..\..\..\..\Program Files (x86)\PICC\Drivers\stddef.h
  435   129  18  ..\..\..\..\..\..\..\Program Files (x86)\PICC\Drivers\string.h
   28     0   0  ..\..\..\..\..\..\..\Program Files (x86)\PICC\Drivers\ctype.h
----- -----
 3180   722 Total

Page ROM  %  RAM    Vol Diff  Functions:
---- --- --- ---    --- ----  ----------
0     21   1    1             @delay_ms1
0     74   2    1             @I2C_WRITE_129
0     10   0    1     63  2.3  lcd_backlight_led
0     74   2    3    574  5.9  i2c_send_nibble
0     67   2    3    149  2.8  lcd_send_byte
0     10   0    0     61  1.9  lcd_clear
0      8   0    0             @const701
0    113   4    5    902  5.8  lcd_init
0     55   2    7    681  8.0  lcd_gotoxy
0     37   1    1    323  6.2  LCD_PUTC
0     20   1    0             @const715
0      3   0    0      3  0.0  kbd_init
0    103   3    3   5935 11.0  kbd_getc
0      8   0    0             @goto56067
 Inline         6             @MULS1616
0    117   4   13             @MULFF
0     31   1    2    160  2.9  @ITOF
1    326  11   16             @ADDFF
1    204   7   14             @DIVFF
 Inline        11   1817 10.4  atol
0     33   1    3    235  4.5  tecla_time
1    499  17    4   1802  7.7  MAIN
0      6   0    0             @const1019
0     86   3    4             @PSTRINGC7_711
0      7   0    0             @const1024
0     65   2   10    160  2.9  @FLT
0     33   1    4             @SFTOI
 Inline         5             @FTOSD
0     79   3   13             @DIV3232
0    224   7   13             @PRINTF_L32D_711FPFPF
0      5   0    0             @const1039
0     87   3    5   1500  9.2  @PSTRINGCN7_711
0    524  18    5   1500  9.2  config
0      8   0    0             @const1044
0      8   0    0             @goto57814
 Inline         2             @SITOF
0      8   0    0    538  5.7  @const1050
0     28   1    0    255  3.1  pausa
0      3   0    0    255  3.1  @const1051
 Inline         0             @cinit1

Program metrics:
    Functions               19
    Statements              722
    Comments                1056
    Volume (V)              25562
    Difficulty (D)          103.9
    Effort to implement (E) 2655883
    Time to implement (T)   40 hours, 59 minutes
    Est Delivered Bugs (B)  6
    Cyclomatic Complexity   58
    Maintainability (MI)    31

 Segment     Used  Free
-----------  ----  ----
00000-00003     4  0  
00004-007FF  1955  89  
00800-00FFF  1029  1019  
01000-017FF     0  2048  
01800-01FFF     0  2048  



