Compiling C:\Users\Gustavo\Documents\UNIVERSIDAD\5TO CUATRIMESTRE\MICROCONTROLADORES\PWM\PWM-1 on 29-mar.-21 at 12:44
*** Error 173 "C:\Program Files (x86)\PICC\Drivers\KBD_4x4.c" Line 92(6,14): Functions may not be nested
*** Error 43 "C:\Program Files (x86)\PICC\Drivers\KBD_4x4.c" Line 92(15,16): Expecting a declaration
*** Error 43 "C:\Program Files (x86)\PICC\Drivers\KBD_4x4.c" Line 92(17,18): Expecting a declaration
*** Error 43 "C:\Program Files (x86)\PICC\Drivers\KBD_4x4.c" Line 93(1,2): Expecting a declaration
*** Error 117 "C:\Program Files (x86)\PICC\Drivers\KBD_4x4.c" Line 102(12,13): Improper use of a function identifier
*** Error 43 "C:\Program Files (x86)\PICC\Drivers\KBD_4x4.c" Line 104(9,10): Expecting a declaration
*** Error 43 "C:\Program Files (x86)\PICC\Drivers\KBD_4x4.c" Line 104(10,14): Expecting a declaration
*** Error 43 "C:\Program Files (x86)\PICC\Drivers\KBD_4x4.c" Line 105(4,6): Expecting a declaration
*** Error 43 "C:\Program Files (x86)\PICC\Drivers\KBD_4x4.c" Line 105(6,7): Expecting a declaration
*** Error 43 "C:\Program Files (x86)\PICC\Drivers\KBD_4x4.c" Line 105(7,9): Expecting a declaration
*** Error 48 "C:\Program Files (x86)\PICC\Drivers\KBD_4x4.c" Line 105(9,23): Expecting a (
*** Error 43 "C:\Program Files (x86)\PICC\Drivers\KBD_4x4.c" Line 105(24,44): Expecting a declaration
*** Error 43 "C:\Program Files (x86)\PICC\Drivers\KBD_4x4.c" Line 105(43,44): Expecting a declaration
*** Error 43 "C:\Program Files (x86)\PICC\Drivers\KBD_4x4.c" Line 105(45,46): Expecting a declaration
*** Error 43 "C:\Program Files (x86)\PICC\Drivers\KBD_4x4.c" Line 106(8,14): Expecting a declaration
*** Error 43 "C:\Program Files (x86)\PICC\Drivers\KBD_4x4.c" Line 106(15,16): Expecting a declaration
*** Error 48 "C:\Program Files (x86)\PICC\Drivers\KBD_4x4.c" Line 106(16,19): Expecting a (
*** Error 43 "C:\Program Files (x86)\PICC\Drivers\KBD_4x4.c" Line 106(21,22): Expecting a declaration
*** Error 22 "C:\Program Files (x86)\PICC\Drivers\KBD_4x4.c" Line 106(21,22): Bad expression syntax
*** Error 43 "C:\Program Files (x86)\PICC\Drivers\KBD_4x4.c" Line 107(15,16): Expecting a declaration
*** Error 43 "C:\Program Files (x86)\PICC\Drivers\KBD_4x4.c" Line 107(19,20): Expecting a declaration
*** Error 28 "C:\Program Files (x86)\PICC\Drivers\KBD_4x4.c" Line 107(49,50): Expecting an identifier
*** Error 43 "C:\Program Files (x86)\PICC\Drivers\KBD_4x4.c" Line 107(49,50): Expecting a declaration
*** Error 43 "C:\Program Files (x86)\PICC\Drivers\KBD_4x4.c" Line 107(49,50): Expecting a declaration
*** Error 43 "C:\Program Files (x86)\PICC\Drivers\KBD_4x4.c" Line 107(49,50): Expecting a declaration
*** Error 43 "C:\Program Files (x86)\PICC\Drivers\KBD_4x4.c" Line 107(49,50): Expecting a declaration
*** Error 43 "C:\Program Files (x86)\PICC\Drivers\KBD_4x4.c" Line 107(49,50): Expecting a declaration
*** Error 43 "C:\Program Files (x86)\PICC\Drivers\KBD_4x4.c" Line 107(49,50): Expecting a declaration
*** Error 43 "C:\Program Files (x86)\PICC\Drivers\KBD_4x4.c" Line 107(49,50): Expecting a declaration
*** Error 43 "C:\Program Files (x86)\PICC\Drivers\KBD_4x4.c" Line 107(49,50): Expecting a declaration
*** Error 43 "C:\Program Files (x86)\PICC\Drivers\KBD_4x4.c" Line 107(49,50): Expecting a declaration
*** Error 43 "C:\Program Files (x86)\PICC\Drivers\KBD_4x4.c" Line 107(49,50): Expecting a declaration
*** Error 43 "C:\Program Files (x86)\PICC\Drivers\KBD_4x4.c" Line 107(49,50): Expecting a declaration
*** Error 43 "C:\Program Files (x86)\PICC\Drivers\KBD_4x4.c" Line 107(49,50): Expecting a declaration
*** Error 43 "C:\Program Files (x86)\PICC\Drivers\KBD_4x4.c" Line 107(49,50): Expecting a declaration
*** Error 43 "C:\Program Files (x86)\PICC\Drivers\KBD_4x4.c" Line 107(49,50): Expecting a declaration
*** Error 43 "C:\Program Files (x86)\PICC\Drivers\KBD_4x4.c" Line 107(49,50): Expecting a declaration
*** Error 43 "C:\Program Files (x86)\PICC\Drivers\KBD_4x4.c" Line 107(49,50): Expecting a declaration
*** Error 43 "C:\Program Files (x86)\PICC\Drivers\KBD_4x4.c" Line 107(49,50): Expecting a declaration
*** Error 43 "C:\Program Files (x86)\PICC\Drivers\KBD_4x4.c" Line 107(49,50): Expecting a declaration
*** Error 43 "C:\Program Files (x86)\PICC\Drivers\KBD_4x4.c" Line 107(49,50): Expecting a declaration
*** Error 43 "C:\Program Files (x86)\PICC\Drivers\KBD_4x4.c" Line 107(49,50): Expecting a declaration
*** Error 43 "C:\Program Files (x86)\PICC\Drivers\KBD_4x4.c" Line 107(49,50): Expecting a declaration
*** Error 43 "C:\Program Files (x86)\PICC\Drivers\KBD_4x4.c" Line 107(49,50): Expecting a declaration
*** Error 43 "C:\Program Files (x86)\PICC\Drivers\KBD_4x4.c" Line 107(49,50): Expecting a declaration
*** Error 43 "C:\Program Files (x86)\PICC\Drivers\KBD_4x4.c" Line 107(49,50): Expecting a declaration
*** Error 43 "C:\Program Files (x86)\PICC\Drivers\KBD_4x4.c" Line 107(49,50): Expecting a declaration
*** Error 43 "C:\Program Files (x86)\PICC\Drivers\KBD_4x4.c" Line 107(49,50): Expecting a declaration
*** Error 43 "C:\Program Files (x86)\PICC\Drivers\KBD_4x4.c" Line 107(49,50): Expecting a declaration
*** Error 43 "C:\Program Files (x86)\PICC\Drivers\KBD_4x4.c" Line 107(49,50): Expecting a declaration
*** Error 43 "C:\Program Files (x86)\PICC\Drivers\KBD_4x4.c" Line 107(49,50): Expecting a declaration
*** Error 43 "C:\Program Files (x86)\PICC\Drivers\KBD_4x4.c" Line 107(49,50): Expecting a declaration
*** Error 43 "C:\Program Files (x86)\PICC\Drivers\KBD_4x4.c" Line 107(49,50): Expecting a declaration
*** Error 43 "C:\Program Files (x86)\PICC\Drivers\KBD_4x4.c" Line 107(49,50): Expecting a declaration
*** Error 43 "C:\Program Files (x86)\PICC\Drivers\KBD_4x4.c" Line 107(49,50): Expecting a declaration
*** Error 43 "C:\Program Files (x86)\PICC\Drivers\KBD_4x4.c" Line 107(49,50): Expecting a declaration
*** Error 43 "C:\Program Files (x86)\PICC\Drivers\KBD_4x4.c" Line 107(49,50): Expecting a declaration
*** Error 43 "C:\Program Files (x86)\PICC\Drivers\KBD_4x4.c" Line 107(49,50): Expecting a declaration
*** Error 43 "C:\Program Files (x86)\PICC\Drivers\KBD_4x4.c" Line 107(49,50): Expecting a declaration
*** Error 43 "C:\Program Files (x86)\PICC\Drivers\KBD_4x4.c" Line 107(49,50): Expecting a declaration
*** Error 43 "C:\Program Files (x86)\PICC\Drivers\KBD_4x4.c" Line 107(49,50): Expecting a declaration
*** Error 43 "C:\Program Files (x86)\PICC\Drivers\KBD_4x4.c" Line 107(49,50): Expecting a declaration
*** Error 43 "C:\Program Files (x86)\PICC\Drivers\KBD_4x4.c" Line 107(49,50): Expecting a declaration
*** Error 43 "C:\Program Files (x86)\PICC\Drivers\KBD_4x4.c" Line 107(49,50): Expecting a declaration
*** Error 43 "C:\Program Files (x86)\PICC\Drivers\KBD_4x4.c" Line 107(49,50): Expecting a declaration
*** Error 43 "C:\Program Files (x86)\PICC\Drivers\KBD_4x4.c" Line 107(49,50): Expecting a declaration
*** Error 43 "C:\Program Files (x86)\PICC\Drivers\KBD_4x4.c" Line 107(49,50): Expecting a declaration
*** Error 43 "C:\Program Files (x86)\PICC\Drivers\KBD_4x4.c" Line 107(49,50): Expecting a declaration
*** Error 43 "C:\Program Files (x86)\PICC\Drivers\KBD_4x4.c" Line 107(49,50): Expecting a declaration
*** Error 43 "C:\Program Files (x86)\PICC\Drivers\KBD_4x4.c" Line 107(49,50): Expecting a declaration
*** Error 43 "C:\Program Files (x86)\PICC\Drivers\KBD_4x4.c" Line 107(49,50): Expecting a declaration
*** Error 43 "C:\Program Files (x86)\PICC\Drivers\KBD_4x4.c" Line 107(49,50): Expecting a declaration
*** Error 43 "C:\Program Files (x86)\PICC\Drivers\KBD_4x4.c" Line 107(49,50): Expecting a declaration
*** Error 43 "C:\Program Files (x86)\PICC\Drivers\KBD_4x4.c" Line 107(49,50): Expecting a declaration
*** Error 43 "C:\Program Files (x86)\PICC\Drivers\KBD_4x4.c" Line 107(49,50): Expecting a declaration
*** Error 43 "C:\Program Files (x86)\PICC\Drivers\KBD_4x4.c" Line 107(49,50): Expecting a declaration
*** Error 43 "C:\Program Files (x86)\PICC\Drivers\KBD_4x4.c" Line 107(49,50): Expecting a declaration
*** Error 43 "C:\Program Files (x86)\PICC\Drivers\KBD_4x4.c" Line 107(49,50): Expecting a declaration
*** Error 43 "C:\Program Files (x86)\PICC\Drivers\KBD_4x4.c" Line 107(49,50): Expecting a declaration
*** Error 48 "C:\Program Files (x86)\PICC\Drivers\KBD_4x4.c" Line 108(21,24): Expecting a (
*** Error 43 "C:\Program Files (x86)\PICC\Drivers\KBD_4x4.c" Line 108(25,26): Expecting a declaration
*** Error 43 "C:\Program Files (x86)\PICC\Drivers\KBD_4x4.c" Line 108(30,31): Expecting a declaration
*** Error 43 "C:\Program Files (x86)\PICC\Drivers\KBD_4x4.c" Line 108(30,31): Expecting a declaration
*** Error 43 "C:\Program Files (x86)\PICC\Drivers\KBD_4x4.c" Line 108(30,31): Expecting a declaration
*** Error 43 "C:\Program Files (x86)\PICC\Drivers\KBD_4x4.c" Line 108(30,31): Expecting a declaration
*** Error 43 "C:\Program Files (x86)\PICC\Drivers\KBD_4x4.c" Line 108(30,31): Expecting a declaration
*** Error 43 "C:\Program Files (x86)\PICC\Drivers\KBD_4x4.c" Line 108(30,31): Expecting a declaration
*** Error 43 "C:\Program Files (x86)\PICC\Drivers\KBD_4x4.c" Line 108(39,40): Expecting a declaration
*** Error 43 "C:\Program Files (x86)\PICC\Drivers\KBD_4x4.c" Line 108(39,40): Expecting a declaration
*** Error 43 "C:\Program Files (x86)\PICC\Drivers\KBD_4x4.c" Line 108(39,40): Expecting a declaration
*** Error 43 "C:\Program Files (x86)\PICC\Drivers\KBD_4x4.c" Line 108(39,40): Expecting a declaration
*** Error 43 "C:\Program Files (x86)\PICC\Drivers\KBD_4x4.c" Line 108(39,40): Expecting a declaration
*** Error 43 "C:\Program Files (x86)\PICC\Drivers\KBD_4x4.c" Line 108(39,40): Expecting a declaration
*** Error 43 "C:\Program Files (x86)\PICC\Drivers\KBD_4x4.c" Line 108(39,40): Expecting a declaration
*** Error 43 "C:\Program Files (x86)\PICC\Drivers\KBD_4x4.c" Line 108(39,40): Expecting a declaration
*** Error 43 "C:\Program Files (x86)\PICC\Drivers\KBD_4x4.c" Line 108(39,40): Expecting a declaration
*** Error 43 "C:\Program Files (x86)\PICC\Drivers\KBD_4x4.c" Line 108(39,40): Expecting a declaration
*** Error 43 "C:\Program Files (x86)\PICC\Drivers\KBD_4x4.c" Line 108(39,40): Expecting a declaration
*** Error 43 "C:\Program Files (x86)\PICC\Drivers\KBD_4x4.c" Line 108(39,40): Expecting a declaration
*** Error 43 "C:\Program Files (x86)\PICC\Drivers\KBD_4x4.c" Line 108(39,40): Expecting a declaration
